#
# A fatal error has been detected by the Java Runtime Environment:
#
#  EXCEPTION_ACCESS_VIOLATION (0xc0000005) at pc=0x000000006fe162cb, pid=5608, tid=0x000000000000158c
#
# JRE version: Java(TM) SE Runtime Environment (8.0_151-b12) (build 1.8.0_151-b12)
# Java VM: Java HotSpot(TM) 64-Bit Server VM (25.151-b12 mixed mode windows-amd64 compressed oops)
# Problematic frame:
# C  [jniavutil.dll+0x162cb]
#
# Failed to write core dump. Minidumps are not enabled by default on client versions of Windows
#
# If you would like to submit a bug report, please visit:
#   http://bugreport.java.com/bugreport/crash.jsp
# The crash happened outside the Java Virtual Machine in native code.
# See problematic frame for where to report the bug.
#

---------------  T H R E A D  ---------------

Current thread (0x000000005a019800):  JavaThread "AWT-EventQueue-0" [_thread_in_native, id=5516, stack(0x000000005b950000,0x000000005ba50000)]

siginfo: ExceptionCode=0xc0000005, reading address 0x000000005aea7490

Registers:
RAX=0x0000000000000000, RBX=0x000000005a0199f8, RCX=0x000000005a0199f8, RDX=0x000000005ba4cb58
RSP=0x000000005ba4ca90, RBP=0x000000005ba4cb38, RSI=0x000000005aea7490, RDI=0x000000005ba4cb58
R8 =0x0000000000000062, R9 =0x00000000d75e1380, R10=0x0000000000000020, R11=0x0000000065d7f4d8
R12=0x0000000000000000, R13=0x0000000056ba1780, R14=0x000000005ba4cb58, R15=0x000000005a019800
RIP=0x000000006fe162cb, EFLAGS=0x0000000000010246

Top of Stack: (sp=0x000000005ba4ca90)
0x000000005ba4ca90:   000000005a0199f8 000000005a0199f8
0x000000005ba4caa0:   000000005ba4cb38 0000000065655fd6
0x000000005ba4cab0:   0000000056ba1780 0000000000000228
0x000000005ba4cac0:   00000000024980c0 00000000024a7f54
0x000000005ba4cad0:   0000000000000004 00000000656562cf
0x000000005ba4cae0:   0000000000000000 0000000000000001
0x000000005ba4caf0:   00000000570e1d40 000000005ba4caf8
0x000000005ba4cb00:   0000000000000000 000000005ba4cb58
0x000000005ba4cb10:   000000005b8768d8 0000000000000000
0x000000005ba4cb20:   0000000056ba1780 0000000000000000
0x000000005ba4cb30:   000000005ba4cb58 000000005ba4cba0
0x000000005ba4cb40:   0000000002497d80 0000000000000000
0x000000005ba4cb50:   00000000024a19b6 00000000d75e1380
0x000000005ba4cb60:   000000005ba4cb60 0000000056b0abfd
0x000000005ba4cb70:   000000005ba4cbb8 0000000056b34028
0x000000005ba4cb80:   0000000000000000 0000000056b0ac48 

Instructions: (pc=0x000000006fe162cb)
0x000000006fe162ab:   00 00 48 85 c0 48 89 c6 74 2b 48 8b 03 4c 8b 05
0x000000006fe162bb:   49 af 0a 00 48 89 fa 48 89 d9 ff 90 28 03 00 00
0x000000006fe162cb:   8b 04 c6 48 83 c4 20 5b 5e 5f c3 66 2e 0f 1f 84
0x000000006fe162db:   00 00 00 00 00 ba 08 00 00 00 48 89 d9 e8 33 b1 


Register to memory mapping:

RAX=0x0000000000000000 is an unknown value
RBX=0x000000005a0199f8 is an unknown value
RCX=0x000000005a0199f8 is an unknown value
RDX=0x000000005ba4cb58 is pointing into the stack for thread: 0x000000005a019800
RSP=0x000000005ba4ca90 is pointing into the stack for thread: 0x000000005a019800
RBP=0x000000005ba4cb38 is pointing into the stack for thread: 0x000000005a019800
RSI=0x000000005aea7490 is an unknown value
RDI=0x000000005ba4cb58 is pointing into the stack for thread: 0x000000005a019800
R8 =0x0000000000000062 is an unknown value
R9 =0x00000000d75e1380 is an oop
org.bytedeco.javacpp.avutil$AVRational 
 - klass: 'org/bytedeco/javacpp/avutil$AVRational'
R10=0x0000000000000020 is an unknown value
R11=0x0000000065d7f4d8 is an unknown value
R12=0x0000000000000000 is an unknown value
R13={method} {0x0000000056ba1788} 'num' '()I' in 'org/bytedeco/javacpp/avutil$AVRational'
R14=0x000000005ba4cb58 is pointing into the stack for thread: 0x000000005a019800
R15=0x000000005a019800 is a thread


Stack: [0x000000005b950000,0x000000005ba50000],  sp=0x000000005ba4ca90,  free space=1010k
Native frames: (J=compiled Java code, j=interpreted, Vv=VM code, C=native code)
C  [jniavutil.dll+0x162cb]
C  0x00000000024a7f54

Java frames: (J=compiled Java code, j=interpreted, Vv=VM code)
j  org.bytedeco.javacpp.avutil$AVRational.num()I+0
j  org.bytedeco.javacv.FFmpegFrameGrabber.getVideoFrameRate()D+21
j  org.bytedeco.javacv.FFmpegFrameGrabber.getFrameRate()D+1
j  org.bytedeco.javacv.FFmpegFrameGrabber.setFrameNumber(I)V+16
j  YOLOBboxController1.processReviewEvent()V+22
j  YOLOBboxView1.actionPerformed(Ljava/awt/event/ActionEvent;)V+113
j  javax.swing.AbstractButton.fireActionPerformed(Ljava/awt/event/ActionEvent;)V+83
j  javax.swing.AbstractButton$Handler.actionPerformed(Ljava/awt/event/ActionEvent;)V+5
j  javax.swing.DefaultButtonModel.fireActionPerformed(Ljava/awt/event/ActionEvent;)V+34
j  javax.swing.DefaultButtonModel.setPressed(Z)V+117
j  javax.swing.plaf.basic.BasicButtonListener.mouseReleased(Ljava/awt/event/MouseEvent;)V+35
j  java.awt.Component.processMouseEvent(Ljava/awt/event/MouseEvent;)V+64
j  javax.swing.JComponent.processMouseEvent(Ljava/awt/event/MouseEvent;)V+23
j  java.awt.Component.processEvent(Ljava/awt/AWTEvent;)V+81
j  java.awt.Container.processEvent(Ljava/awt/AWTEvent;)V+18
j  java.awt.Component.dispatchEventImpl(Ljava/awt/AWTEvent;)V+589
J 1484 C1 java.awt.Container.dispatchEventImpl(Ljava/awt/AWTEvent;)V (129 bytes) @ 0x000000000299bc84 [0x000000000299bb40+0x144]
J 1483 C1 java.awt.Component.dispatchEvent(Ljava/awt/AWTEvent;)V (6 bytes) @ 0x000000000299b7bc [0x000000000299b6c0+0xfc]
j  java.awt.LightweightDispatcher.retargetMouseEvent(Ljava/awt/Component;ILjava/awt/event/MouseEvent;)V+327
j  java.awt.LightweightDispatcher.processMouseEvent(Ljava/awt/event/MouseEvent;)Z+155
j  java.awt.LightweightDispatcher.dispatchEvent(Ljava/awt/AWTEvent;)Z+50
J 1484 C1 java.awt.Container.dispatchEventImpl(Ljava/awt/AWTEvent;)V (129 bytes) @ 0x000000000299bc24 [0x000000000299bb40+0xe4]
j  java.awt.Window.dispatchEventImpl(Ljava/awt/AWTEvent;)V+19
J 1509 C1 java.awt.EventQueue.dispatchEventImpl(Ljava/awt/AWTEvent;Ljava/lang/Object;)V (149 bytes) @ 0x00000000029ada4c [0x00000000029ac280+0x17cc]
J 1507 C1 java.awt.EventQueue$3.run()Ljava/lang/Void; (60 bytes) @ 0x00000000029ab684 [0x00000000029ab480+0x204]
J 1506 C1 java.awt.EventQueue$3.run()Ljava/lang/Object; (5 bytes) @ 0x00000000029ab10c [0x00000000029ab080+0x8c]
v  ~StubRoutines::call_stub
J 501  java.security.AccessController.doPrivileged(Ljava/security/PrivilegedAction;Ljava/security/AccessControlContext;)Ljava/lang/Object; (0 bytes) @ 0x00000000026fbce6 [0x00000000026fbc80+0x66]
J 1291 C1 java.security.ProtectionDomain$JavaSecurityAccessImpl.doIntersectionPrivilege(Ljava/security/PrivilegedAction;Ljava/security/AccessControlContext;Ljava/security/AccessControlContext;)Ljava/lang/Object; (22 bytes) @ 0x0000000002914cd4 [0x0000000002914880+0x454]
j  java.security.ProtectionDomain$JavaSecurityAccessImpl.doIntersectionPrivilege(Ljava/security/PrivilegedAction;Ljava/security/AccessControlContext;)Ljava/lang/Object;+6
j  java.awt.EventQueue$4.run()Ljava/lang/Void;+11
j  java.awt.EventQueue$4.run()Ljava/lang/Object;+1
v  ~StubRoutines::call_stub
J 501  java.security.AccessController.doPrivileged(Ljava/security/PrivilegedAction;Ljava/security/AccessControlContext;)Ljava/lang/Object; (0 bytes) @ 0x00000000026fbce6 [0x00000000026fbc80+0x66]
J 1424 C1 java.awt.EventQueue.dispatchEvent(Ljava/awt/AWTEvent;)V (80 bytes) @ 0x000000000296e0f4 [0x000000000296d2c0+0xe34]
J 1513 C1 java.awt.EventDispatchThread.pumpOneEventForFilters(I)V (295 bytes) @ 0x00000000029b2d34 [0x00000000029b1240+0x1af4]
j  java.awt.EventDispatchThread.pumpEventsForFilter(ILjava/awt/Conditional;Ljava/awt/EventFilter;)V+35
j  java.awt.EventDispatchThread.pumpEventsForHierarchy(ILjava/awt/Conditional;Ljava/awt/Component;)V+11
j  java.awt.EventDispatchThread.pumpEvents(ILjava/awt/Conditional;)V+4
j  java.awt.EventDispatchThread.pumpEvents(Ljava/awt/Conditional;)V+3
j  java.awt.EventDispatchThread.run()V+9
v  ~StubRoutines::call_stub

---------------  P R O C E S S  ---------------

Java Threads: ( => current thread )
  0x000000005a348800 JavaThread "Swing-Shell" daemon [_thread_blocked, id=5736, stack(0x000000005d5f0000,0x000000005d6f0000)]
  0x000000005a94f800 JavaThread "Image Fetcher 2" daemon [_thread_blocked, id=5676, stack(0x000000005d250000,0x000000005d350000)]
  0x000000005a94f000 JavaThread "Image Fetcher 1" daemon [_thread_blocked, id=5592, stack(0x000000005d0b0000,0x000000005d1b0000)]
  0x000000005a946800 JavaThread "Image Fetcher 0" daemon [_thread_blocked, id=5812, stack(0x000000005cd90000,0x000000005ce90000)]
  0x0000000001dfc000 JavaThread "DestroyJavaVM" [_thread_blocked, id=3900, stack(0x00000000020c0000,0x00000000021c0000)]
=>0x000000005a019800 JavaThread "AWT-EventQueue-0" [_thread_in_native, id=5516, stack(0x000000005b950000,0x000000005ba50000)]
  0x000000005a018800 JavaThread "TimerQueue" daemon [_thread_blocked, id=2308, stack(0x000000005b320000,0x000000005b420000)]
  0x000000005aa79800 JavaThread "AWT-Windows" daemon [_thread_in_native, id=5612, stack(0x000000005b220000,0x000000005b320000)]
  0x000000005aa79000 JavaThread "AWT-Shutdown" [_thread_blocked, id=4116, stack(0x000000005b110000,0x000000005b210000)]
  0x000000005a196800 JavaThread "Java2D Disposer" daemon [_thread_blocked, id=492, stack(0x0000000059c70000,0x0000000059d70000)]
  0x000000005976d800 JavaThread "JavaCPP Deallocator" daemon [_thread_blocked, id=6112, stack(0x0000000059d70000,0x0000000059e70000)]
  0x0000000058b60000 JavaThread "Service Thread" daemon [_thread_blocked, id=4568, stack(0x0000000059180000,0x0000000059280000)]
  0x0000000058ae9000 JavaThread "C1 CompilerThread2" daemon [_thread_blocked, id=5520, stack(0x00000000588c0000,0x00000000589c0000)]
  0x0000000058ae3800 JavaThread "C2 CompilerThread1" daemon [_thread_blocked, id=3628, stack(0x0000000058f10000,0x0000000059010000)]
  0x00000000570fd800 JavaThread "C2 CompilerThread0" daemon [_thread_blocked, id=5272, stack(0x00000000589e0000,0x0000000058ae0000)]
  0x00000000570fb000 JavaThread "Attach Listener" daemon [_thread_blocked, id=5396, stack(0x0000000058760000,0x0000000058860000)]
  0x00000000570f8000 JavaThread "Signal Dispatcher" daemon [_thread_blocked, id=5032, stack(0x0000000058420000,0x0000000058520000)]
  0x00000000570de800 JavaThread "Finalizer" daemon [_thread_blocked, id=3940, stack(0x0000000058530000,0x0000000058630000)]
  0x0000000057097800 JavaThread "Reference Handler" daemon [_thread_blocked, id=6088, stack(0x0000000058110000,0x0000000058210000)]

Other Threads:
  0x0000000057090000 VMThread [stack: 0x00000000582d0000,0x00000000583d0000] [id=3960]
  0x0000000058bba800 WatcherThread [stack: 0x00000000592e0000,0x00000000593e0000] [id=3516]

VM state:not at safepoint (normal execution)

VM Mutex/Monitor currently owned by a thread: None

Heap:
 PSYoungGen      total 38400K, used 26408K [0x00000000d5f00000, 0x00000000daa00000, 0x0000000100000000)
  eden space 33280K, 70% used [0x00000000d5f00000,0x00000000d760c7a0,0x00000000d7f80000)
  from space 5120K, 54% used [0x00000000d7f80000,0x00000000d823db98,0x00000000d8480000)
  to   space 5120K, 0% used [0x00000000da500000,0x00000000da500000,0x00000000daa00000)
 ParOldGen       total 87552K, used 16K [0x0000000081c00000, 0x0000000087180000, 0x00000000d5f00000)
  object space 87552K, 0% used [0x0000000081c00000,0x0000000081c04000,0x0000000087180000)
 Metaspace       used 15895K, capacity 16068K, committed 16256K, reserved 1062912K
  class space    used 2096K, capacity 2169K, committed 2176K, reserved 1048576K

Card table byte_map: [0x0000000011850000,0x0000000011c50000] byte_map_base: 0x0000000011442000

Marking Bits: (ParMarkBitMap*) 0x0000000065d8d850
 Begin Bits: [0x00000000123e0000, 0x0000000014370000)
 End Bits:   [0x0000000014370000, 0x0000000016300000)

Polling page: 0x0000000000210000

CodeCache: size=245760Kb used=5331Kb max_used=5331Kb free=240428Kb
 bounds [0x0000000002490000, 0x00000000029d0000, 0x0000000011490000]
 total_blobs=2086 nmethods=1537 adapters=461
 compilation: enabled

Compilation events (10 events):
Event: 6.333 Thread 0x0000000058ae9000 1536       3       sun.java2d.SunGraphics2D::constrain (216 bytes)
Event: 6.335 Thread 0x0000000058ae9000 nmethod 1536 0x00000000029c2cd0 code [0x00000000029c2f80, 0x00000000029c4268]
Event: 6.336 Thread 0x0000000058ae9000 1537       3       java.awt.Rectangle::setBounds (21 bytes)
Event: 6.336 Thread 0x0000000058ae9000 nmethod 1537 0x00000000029c4c90 code [0x00000000029c4e00, 0x00000000029c5130]
Event: 6.394 Thread 0x0000000058ae9000 1538       1       java.awt.Container::isFocusCycleRoot (5 bytes)
Event: 6.395 Thread 0x0000000058ae9000 nmethod 1538 0x00000000029c5250 code [0x00000000029c53a0, 0x00000000029c54b0]
Event: 6.395 Thread 0x0000000058ae9000 1539       3       java.util.LinkedList$ListItr::checkForComodification (23 bytes)
Event: 6.395 Thread 0x0000000058ae9000 nmethod 1539 0x00000000029c5510 code [0x00000000029c5680, 0x00000000029c58a8]
Event: 6.395 Thread 0x0000000058ae9000 1540       3       java.util.LinkedList$ListItr::previous (70 bytes)
Event: 6.396 Thread 0x0000000058ae9000 nmethod 1540 0x00000000029c5990 code [0x00000000029c5b40, 0x00000000029c6058]

GC Heap History (2 events):
Event: 0.780 GC heap before
{Heap before GC invocations=1 (full 0):
 PSYoungGen      total 38400K, used 32199K [0x00000000d5f00000, 0x00000000d8980000, 0x0000000100000000)
  eden space 33280K, 96% used [0x00000000d5f00000,0x00000000d7e71d10,0x00000000d7f80000)
  from space 5120K, 0% used [0x00000000d8480000,0x00000000d8480000,0x00000000d8980000)
  to   space 5120K, 0% used [0x00000000d7f80000,0x00000000d7f80000,0x00000000d8480000)
 ParOldGen       total 87552K, used 0K [0x0000000081c00000, 0x0000000087180000, 0x00000000d5f00000)
  object space 87552K, 0% used [0x0000000081c00000,0x0000000081c00000,0x0000000087180000)
 Metaspace       used 7737K, capacity 7944K, committed 8192K, reserved 1056768K
  class space    used 896K, capacity 986K, committed 1024K, reserved 1048576K
Event: 0.792 GC heap after
Heap after GC invocations=1 (full 0):
 PSYoungGen      total 38400K, used 2806K [0x00000000d5f00000, 0x00000000daa00000, 0x0000000100000000)
  eden space 33280K, 0% used [0x00000000d5f00000,0x00000000d5f00000,0x00000000d7f80000)
  from space 5120K, 54% used [0x00000000d7f80000,0x00000000d823db98,0x00000000d8480000)
  to   space 5120K, 0% used [0x00000000da500000,0x00000000da500000,0x00000000daa00000)
 ParOldGen       total 87552K, used 16K [0x0000000081c00000, 0x0000000087180000, 0x00000000d5f00000)
  object space 87552K, 0% used [0x0000000081c00000,0x0000000081c04000,0x0000000087180000)
 Metaspace       used 7737K, capacity 7944K, committed 8192K, reserved 1056768K
  class space    used 896K, capacity 986K, committed 1024K, reserved 1048576K
}

Deoptimization events (10 events):
Event: 0.970 Thread 0x000000005aa79800 Uncommon trap: reason=bimorphic action=maybe_recompile pc=0x00000000027fe47c method=java.util.HashMap.putVal(ILjava/lang/Object;Ljava/lang/Object;ZZ)Ljava/lang/Object; @ 203
Event: 2.240 Thread 0x000000005a019800 Uncommon trap: reason=unstable_if action=reinterpret pc=0x00000000026c5a68 method=sun.misc.MetaIndex.mayContain(Ljava/lang/String;)Z @ 38
Event: 2.251 Thread 0x000000005a946800 Uncommon trap: reason=unstable_if action=reinterpret pc=0x00000000027cb9c4 method=sun.awt.image.ByteInterleavedRaster.putByteData(IIII[B)V @ 79
Event: 2.352 Thread 0x000000005a019800 Uncommon trap: reason=unstable_if action=reinterpret pc=0x000000000279085c method=java.io.WinNTFileSystem.normalize(Ljava/lang/String;)Ljava/lang/String; @ 128
Event: 2.352 Thread 0x000000005a019800 Uncommon trap: reason=unstable_if action=reinterpret pc=0x00000000027aea1c method=java.io.WinNTFileSystem.normalize(Ljava/lang/String;II)Ljava/lang/String; @ 128
Event: 2.491 Thread 0x000000005a019800 Uncommon trap: reason=class_check action=maybe_recompile pc=0x0000000002604318 method=java.lang.String.equals(Ljava/lang/Object;)Z @ 8
Event: 2.495 Thread 0x000000005a019800 Uncommon trap: reason=class_check action=maybe_recompile pc=0x0000000002604318 method=java.lang.String.equals(Ljava/lang/Object;)Z @ 8
Event: 2.495 Thread 0x000000005a019800 Uncommon trap: reason=class_check action=maybe_recompile pc=0x0000000002604318 method=java.lang.String.equals(Ljava/lang/Object;)Z @ 8
Event: 2.495 Thread 0x000000005a019800 Uncommon trap: reason=class_check action=maybe_recompile pc=0x0000000002604318 method=java.lang.String.equals(Ljava/lang/Object;)Z @ 8
Event: 4.097 Thread 0x000000005a019800 Uncommon trap: reason=unstable_if action=reinterpret pc=0x0000000002962f58 method=org.bytedeco.javacv.Java2DFrameConverter.flipCopyWithGamma(Ljava/nio/ByteBuffer;ILjava/nio/ByteBuffer;IZDZI)V @ 50

Internal exceptions (10 events):
Event: 0.343 Thread 0x0000000001dfc000 Exception <a 'java/security/PrivilegedActionException'> (0x00000000d63e4fc8) thrown at [C:\re\workspace\8-2-build-windows-amd64-cygwin\jdk8u151\9699\hotspot\src\share\vm\prims\jvm.cpp, line 1390]
Event: 0.353 Thread 0x0000000001dfc000 Exception <a 'java/security/PrivilegedActionException'> (0x00000000d64313f8) thrown at [C:\re\workspace\8-2-build-windows-amd64-cygwin\jdk8u151\9699\hotspot\src\share\vm\prims\jvm.cpp, line 1390]
Event: 0.353 Thread 0x0000000001dfc000 Exception <a 'java/security/PrivilegedActionException'> (0x00000000d6431608) thrown at [C:\re\workspace\8-2-build-windows-amd64-cygwin\jdk8u151\9699\hotspot\src\share\vm\prims\jvm.cpp, line 1390]
Event: 0.698 Thread 0x0000000001dfc000 Exception <a 'java/io/FileNotFoundException'> (0x00000000d7c3ecf8) thrown at [C:\re\workspace\8-2-build-windows-amd64-cygwin\jdk8u151\9699\hotspot\src\share\vm\prims\jni.cpp, line 709]
Event: 0.741 Thread 0x0000000001dfc000 Exception <a 'java/lang/NoSuchFieldError': method resolution failed> (0x00000000d7d0b6b8) thrown at [C:\re\workspace\8-2-build-windows-amd64-cygwin\jdk8u151\9699\hotspot\src\share\vm\prims\methodHandles.cpp, line 1146]
Event: 0.743 Thread 0x0000000001dfc000 Exception <a 'java/lang/NoSuchFieldError': method resolution failed> (0x00000000d7d18da8) thrown at [C:\re\workspace\8-2-build-windows-amd64-cygwin\jdk8u151\9699\hotspot\src\share\vm\prims\methodHandles.cpp, line 1146]
Event: 0.862 Thread 0x0000000001dfc000 Exception <a 'java/io/FileNotFoundException'> (0x00000000d61abcd0) thrown at [C:\re\workspace\8-2-build-windows-amd64-cygwin\jdk8u151\9699\hotspot\src\share\vm\prims\jni.cpp, line 709]
Event: 0.898 Thread 0x0000000001dfc000 Implicit null exception at 0x000000000270e604 to 0x000000000270e9ad
Event: 0.898 Thread 0x0000000001dfc000 Implicit null exception at 0x0000000002655446 to 0x00000000026557d9
Event: 0.901 Thread 0x0000000001dfc000 Implicit null exception at 0x00000000027da2c5 to 0x00000000027da499

Events (10 events):
Event: 3.979 loading class org/bytedeco/javacv/FrameConverter done
Event: 4.096 Thread 0x000000005a019800 DEOPT PACKING pc=0x0000000002959bf0 sp=0x000000005ba4c8b0
Event: 4.096 Thread 0x000000005a019800 DEOPT UNPACKING pc=0x00000000024d787f sp=0x000000005ba4c6d0 mode 0
Event: 4.097 Thread 0x000000005a019800 Uncommon trap: trap_request=0xffffff65 fr.pc=0x0000000002962f58
Event: 4.097 Thread 0x000000005a019800 DEOPT PACKING pc=0x0000000002962f58 sp=0x000000005ba4c980
Event: 4.097 Thread 0x000000005a019800 DEOPT UNPACKING pc=0x00000000024d582a sp=0x000000005ba4c950 mode 2
Event: 4.201 Executing VM operation: EnableBiasedLocking
Event: 4.201 Executing VM operation: EnableBiasedLocking done
Event: 4.719 loading class java/awt/event/MouseWheelEvent
Event: 4.719 loading class java/awt/event/MouseWheelEvent done


Dynamic libraries:
0x000000013fe90000 - 0x000000013fec7000 	C:\Program Files\Java\jre1.8.0_151\bin\javaw.exe
0x0000000077130000 - 0x00000000772cf000 	C:\Windows\SYSTEM32\ntdll.dll
0x0000000077010000 - 0x000000007712f000 	C:\Windows\system32\kernel32.dll
0x000007fefccc0000 - 0x000007fefcd2a000 	C:\Windows\system32\KERNELBASE.dll
0x000007fefeca0000 - 0x000007fefed7b000 	C:\Windows\system32\ADVAPI32.dll
0x000007fefd280000 - 0x000007fefd31f000 	C:\Windows\system32\msvcrt.dll
0x000007fefeb60000 - 0x000007fefeb7f000 	C:\Windows\SYSTEM32\sechost.dll
0x000007fefe490000 - 0x000007fefe5bd000 	C:\Windows\system32\RPCRT4.dll
0x0000000076f10000 - 0x000000007700a000 	C:\Windows\system32\USER32.dll
0x000007fefeaf0000 - 0x000007fefeb57000 	C:\Windows\system32\GDI32.dll
0x000007fefe0b0000 - 0x000007fefe0be000 	C:\Windows\system32\LPK.dll
0x000007fefebd0000 - 0x000007fefec9b000 	C:\Windows\system32\USP10.dll
0x000007fefb0e0000 - 0x000007fefb2d4000 	C:\Windows\WinSxS\amd64_microsoft.windows.common-controls_6595b64144ccf1df_6.0.7601.18837_none_fa3b1e3d17594757\COMCTL32.dll
0x000007fefea70000 - 0x000007fefeae1000 	C:\Windows\system32\SHLWAPI.dll
0x000007fefef20000 - 0x000007fefef4e000 	C:\Windows\system32\IMM32.DLL
0x000007fefe0c0000 - 0x000007fefe1c9000 	C:\Windows\system32\MSCTF.dll
0x000007fefcbb0000 - 0x000007fefcbe2000 	C:\Windows\system32\nvinitx.dll
0x0000000071c10000 - 0x0000000071ce2000 	C:\Program Files\Java\jre1.8.0_151\bin\msvcr100.dll
0x0000000065570000 - 0x0000000065e0d000 	C:\Program Files\Java\jre1.8.0_151\bin\server\jvm.dll
0x000007fef6060000 - 0x000007fef6069000 	C:\Windows\system32\WSOCK32.dll
0x000007fefeb80000 - 0x000007fefebcd000 	C:\Windows\system32\WS2_32.dll
0x000007fefef10000 - 0x000007fefef18000 	C:\Windows\system32\NSI.dll
0x000007fefa9b0000 - 0x000007fefa9eb000 	C:\Windows\system32\WINMM.dll
0x000007fefbd00000 - 0x000007fefbd0c000 	C:\Windows\system32\VERSION.dll
0x00000000772e0000 - 0x00000000772e7000 	C:\Windows\system32\PSAPI.DLL
0x0000000073a30000 - 0x0000000073a3f000 	C:\Program Files\Java\jre1.8.0_151\bin\verify.dll
0x0000000073a00000 - 0x0000000073a29000 	C:\Program Files\Java\jre1.8.0_151\bin\java.dll
0x00000000736e0000 - 0x00000000736f6000 	C:\Program Files\Java\jre1.8.0_151\bin\zip.dll
0x000007fefd320000 - 0x000007fefe0aa000 	C:\Windows\system32\SHELL32.dll
0x000007fefe290000 - 0x000007fefe48f000 	C:\Windows\system32\ole32.dll
0x000007fefcc80000 - 0x000007fefcc8f000 	C:\Windows\system32\profapi.dll
0x000007fef7ef0000 - 0x000007fef7fab000 	C:\Users\DRock\.javacpp\cache\ffmpeg-windows-x86_64.jar\org\bytedeco\javacpp\windows-x86_64\avutil-56.dll
0x000007fefc5a0000 - 0x000007fefc5c2000 	C:\Windows\system32\bcrypt.dll
0x0000000072920000 - 0x000000007293a000 	C:\Program Files\Java\jre1.8.0_151\bin\net.dll
0x000007fefc3b0000 - 0x000007fefc405000 	C:\Windows\system32\mswsock.dll
0x000007fefc520000 - 0x000007fefc527000 	C:\Windows\System32\wship6.dll
0x0000000071bf0000 - 0x0000000071c01000 	C:\Program Files\Java\jre1.8.0_151\bin\nio.dll
0x000000006fe00000 - 0x000000006fee7000 	C:\Users\DRock\.javacpp\cache\ffmpeg-windows-x86_64.jar\org\bytedeco\javacpp\windows-x86_64\jniavutil.dll
0x000007fef4130000 - 0x000007fef4157000 	C:\Users\DRock\.javacpp\cache\ffmpeg-windows-x86_64.jar\org\bytedeco\javacpp\windows-x86_64\swresample-3.dll
0x0000000070080000 - 0x00000000700ae000 	C:\Users\DRock\.javacpp\cache\ffmpeg-windows-x86_64.jar\org\bytedeco\javacpp\windows-x86_64\jniswresample.dll
0x000007fed6160000 - 0x000007fed83e1000 	C:\Users\DRock\.javacpp\cache\ffmpeg-windows-x86_64.jar\org\bytedeco\javacpp\windows-x86_64\avcodec-58.dll
0x000000006a1c0000 - 0x000000006a424000 	C:\Users\DRock\.javacpp\cache\ffmpeg-windows-x86_64.jar\org\bytedeco\javacpp\windows-x86_64\jniavcodec.dll
0x000007feda1b0000 - 0x000007feda671000 	C:\Users\DRock\.javacpp\cache\ffmpeg-windows-x86_64.jar\org\bytedeco\javacpp\windows-x86_64\avformat-58.dll
0x000007fefce10000 - 0x000007fefcf7d000 	C:\Windows\system32\CRYPT32.dll
0x000007fefcc90000 - 0x000007fefcc9f000 	C:\Windows\system32\MSASN1.dll
0x000000006abc0000 - 0x000000006ad0a000 	C:\Users\DRock\.javacpp\cache\ffmpeg-windows-x86_64.jar\org\bytedeco\javacpp\windows-x86_64\jniavformat.dll
0x000007feec3e0000 - 0x000007feec475000 	C:\Users\DRock\.javacpp\cache\ffmpeg-windows-x86_64.jar\org\bytedeco\javacpp\windows-x86_64\swscale-5.dll
0x0000000067cc0000 - 0x0000000067cf6000 	C:\Users\DRock\.javacpp\cache\ffmpeg-windows-x86_64.jar\org\bytedeco\javacpp\windows-x86_64\jniswscale.dll
0x000007fef4100000 - 0x000007fef412a000 	C:\Users\DRock\.javacpp\cache\ffmpeg-windows-x86_64.jar\org\bytedeco\javacpp\windows-x86_64\postproc-55.dll
0x000000006a0c0000 - 0x000000006a0ed000 	C:\Users\DRock\.javacpp\cache\ffmpeg-windows-x86_64.jar\org\bytedeco\javacpp\windows-x86_64\jnipostproc.dll
0x000007feea9e0000 - 0x000007feead61000 	C:\Users\DRock\.javacpp\cache\ffmpeg-windows-x86_64.jar\org\bytedeco\javacpp\windows-x86_64\avfilter-7.dll
0x0000000064400000 - 0x0000000064477000 	C:\Users\DRock\.javacpp\cache\ffmpeg-windows-x86_64.jar\org\bytedeco\javacpp\windows-x86_64\jniavfilter.dll
0x000007fef0c10000 - 0x000007fef0c3c000 	C:\Users\DRock\.javacpp\cache\ffmpeg-windows-x86_64.jar\org\bytedeco\javacpp\windows-x86_64\avdevice-58.dll
0x000007feff220000 - 0x000007feff2fa000 	C:\Windows\system32\OLEAUT32.dll
0x000007fefa4b0000 - 0x000007fefa4c7000 	C:\Windows\system32\AVICAP32.dll
0x000007fef0be0000 - 0x000007fef0c09000 	C:\Windows\system32\MSVFW32.dll
0x0000000001d00000 - 0x0000000001d39000 	C:\Users\DRock\.javacpp\cache\ffmpeg-windows-x86_64.jar\org\bytedeco\javacpp\windows-x86_64\jniavdevice.dll
0x00000000645e0000 - 0x0000000064778000 	C:\Program Files\Java\jre1.8.0_151\bin\awt.dll
0x000007fefa860000 - 0x000007fefa878000 	C:\Windows\system32\DWMAPI.DLL
0x000007fef0440000 - 0x000007fef055d000 	C:\Windows\system32\opengl32.dll
0x000007fef0a10000 - 0x000007fef0a3d000 	C:\Windows\system32\GLU32.dll
0x000007fef0340000 - 0x000007fef0431000 	C:\Windows\system32\DDRAW.dll
0x000007fef0a00000 - 0x000007fef0a08000 	C:\Windows\system32\DCIMAN32.dll
0x000007fefd0a0000 - 0x000007fefd277000 	C:\Windows\system32\SETUPAPI.dll
0x000007fefd000000 - 0x000007fefd036000 	C:\Windows\system32\CFGMGR32.dll
0x000007fefcdf0000 - 0x000007fefce0a000 	C:\Windows\system32\DEVOBJ.dll
0x000007fefad10000 - 0x000007fefad66000 	C:\Windows\system32\uxtheme.dll
0x000007fefcae0000 - 0x000007fefcaef000 	C:\Windows\system32\CRYPTBASE.dll
0x0000000067f10000 - 0x0000000067f57000 	C:\Program Files\Java\jre1.8.0_151\bin\fontmanager.dll
0x0000000067f60000 - 0x0000000067fa2000 	C:\Program Files\Java\jre1.8.0_151\bin\t2k.dll
0x000007fefe1d0000 - 0x000007fefe269000 	C:\Windows\system32\CLBCatQ.DLL
0x000007fefa570000 - 0x000007fefa6d1000 	C:\Windows\system32\WindowsCodecs.dll
0x000007fefca80000 - 0x000007fefcad7000 	C:\Windows\system32\apphelp.dll
0x000007fef3d60000 - 0x000007fef3ec1000 	C:\Users\DRock\AppData\Local\Microsoft\OneDrive\18.222.1104.0007\amd64\FileSyncShell64.dll
0x000007fefb8c0000 - 0x000007fefb9ec000 	C:\Windows\system32\PROPSYS.dll
0x000007fef9940000 - 0x000007fef994a000 	C:\Windows\system32\ktmw32.dll
0x000007fefe5c0000 - 0x000007fefea6c000 	C:\Windows\system32\WININET.dll
0x000007fefcfe0000 - 0x000007fefcfe4000 	C:\Windows\system32\api-ms-win-downlevel-user32-l1-1-0.dll
0x000007fefcf80000 - 0x000007fefcf84000 	C:\Windows\system32\api-ms-win-downlevel-shlwapi-l1-1-0.dll
0x000007fefcca0000 - 0x000007fefcca4000 	C:\Windows\system32\api-ms-win-downlevel-version-l1-1-0.dll
0x000007fefccb0000 - 0x000007fefccb3000 	C:\Windows\system32\api-ms-win-downlevel-normaliz-l1-1-0.dll
0x00000000772d0000 - 0x00000000772d3000 	C:\Windows\system32\normaliz.DLL
0x000007fefef50000 - 0x000007feff21a000 	C:\Windows\system32\iertutil.dll
0x000007fefcf90000 - 0x000007fefcf95000 	C:\Windows\system32\api-ms-win-downlevel-advapi32-l1-1-0.dll
0x000007fefcd30000 - 0x000007fefcd4e000 	C:\Windows\system32\USERENV.dll
0x000007fef4d40000 - 0x000007fef4d43000 	C:\Windows\system32\api-ms-win-core-synch-l1-2-0.DLL
0x000007feee540000 - 0x000007feee5a0000 	C:\Program Files (x86)\Dropbox\Client\DropboxExt64.26.0.dll
0x000007fefb760000 - 0x000007fefb78d000 	C:\Windows\system32\ntmarta.dll
0x000007fefd040000 - 0x000007fefd092000 	C:\Windows\system32\WLDAP32.dll
0x000007fef3f20000 - 0x000007fef3f3f000 	C:\Windows\system32\thumbcache.dll
0x000007fef2e10000 - 0x000007fef2e7b000 	C:\Windows\system32\PhotoMetadataHandler.dll
0x000007fef9880000 - 0x000007fef9920000 	C:\Windows\WinSxS\amd64_microsoft.windows.common-controls_6595b64144ccf1df_5.82.7601.18837_none_a4d981ff711297b6\comctl32.dll
0x000007fef0610000 - 0x000007fef07ac000 	C:\Windows\system32\NetworkExplorer.dll
0x000007fef3ed0000 - 0x000007fef3f04000 	C:\Windows\System32\shdocvw.dll
0x000007fefb350000 - 0x000007fefb35b000 	C:\Windows\system32\slc.dll
0x000007fef5b90000 - 0x000007fef5ba8000 	C:\Windows\system32\MPR.dll
0x000007feee1f0000 - 0x000007feee1fa000 	C:\Windows\System32\drprov.dll
0x000007fefbfa0000 - 0x000007fefbfdd000 	C:\Windows\System32\WINSTA.dll
0x000007feeca30000 - 0x000007feeca52000 	C:\Windows\System32\ntlanman.dll
0x000007feeca10000 - 0x000007feeca2e000 	C:\Windows\System32\davclnt.dll
0x000007feeca00000 - 0x000007feeca0a000 	C:\Windows\System32\DAVHLPR.dll
0x000007fefb570000 - 0x000007fefb585000 	C:\Windows\system32\wkscli.dll
0x000007fef0000000 - 0x000007fef000f000 	C:\Windows\system32\cscapi.dll
0x000007fefb9f0000 - 0x000007fefb9fc000 	C:\Windows\system32\netutils.dll
0x000007fed9f30000 - 0x000007feda1a1000 	C:\Windows\system32\wpdshext.dll
0x000007fefaaf0000 - 0x000007fefad08000 	C:\Windows\WinSxS\amd64_microsoft.windows.gdiplus_6595b64144ccf1df_1.1.7601.24308_none_145557608b95e72f\gdiplus.dll
0x000007fef5e10000 - 0x000007fef5ecd000 	C:\Windows\system32\PortableDeviceApi.dll
0x000007fefcfa0000 - 0x000007fefcfdb000 	C:\Windows\system32\WINTRUST.dll
0x000007feeee60000 - 0x000007feeee95000 	C:\Windows\system32\EhStorShell.dll
0x000007feeee30000 - 0x000007feeee57000 	C:\Windows\system32\EhStorAPI.dll
0x000007fef0cb0000 - 0x000007fef0cbc000 	C:\Windows\system32\LINKINFO.dll
0x000007fef7b70000 - 0x000007fef7c95000 	C:\Windows\system32\dbghelp.dll

VM Arguments:
jvm_args: -ea -Djava.library.path=C:\Users\DRock\Downloads\opencv\build\java\x64 -Dfile.encoding=Cp1252 
java_command: YOLOBboxGUI
java_class_path (initial): C:\Program Files\Java\jre1.8.0_151\lib\resources.jar;C:\Program Files\Java\jre1.8.0_151\lib\rt.jar;C:\Program Files\Java\jre1.8.0_151\lib\jsse.jar;C:\Program Files\Java\jre1.8.0_151\lib\jce.jar;C:\Program Files\Java\jre1.8.0_151\lib\charsets.jar;C:\Program Files\Java\jre1.8.0_151\lib\jfr.jar;C:\Program Files\Java\jre1.8.0_151\lib\ext\access-bridge-64.jar;C:\Program Files\Java\jre1.8.0_151\lib\ext\cldrdata.jar;C:\Program Files\Java\jre1.8.0_151\lib\ext\dnsns.jar;C:\Program Files\Java\jre1.8.0_151\lib\ext\jaccess.jar;C:\Program Files\Java\jre1.8.0_151\lib\ext\jfxrt.jar;C:\Program Files\Java\jre1.8.0_151\lib\ext\localedata.jar;C:\Program Files\Java\jre1.8.0_151\lib\ext\nashorn.jar;C:\Program Files\Java\jre1.8.0_151\lib\ext\sunec.jar;C:\Program Files\Java\jre1.8.0_151\lib\ext\sunjce_provider.jar;C:\Program Files\Java\jre1.8.0_151\lib\ext\sunmscapi.jar;C:\Program Files\Java\jre1.8.0_151\lib\ext\sunpkcs11.jar;C:\Program Files\Java\jre1.8.0_151\lib\ext\zipfs.jar;C:\Users\DRock\Documents\GitHub\bbox_labeler\bin;C:\Users\DRock\Downloads\opencv\build\java\opencv-400.jar;C:\Users\DRock\Downloads\components.jar;C:\Users\DRock\Downloads\javacv-platform-1.4.3-bin\javacv-bin;C:\Users\DRock\Downloads\javacv-platform-1.4.3-bin\javacv-bin\javacpp.jar;C:\Users\DRock\Downloads\javacv-platform-1.4.3-bin\javacv-bin\artoolkitplus.jar;C:\Users\DRock\Downloads\javacv-platform-1.4.3-bin\javacv-bin\artoolkitplus-android-arm.jar;C:\Users\DRock\Downloads\javacv-platform-1.4.3-bin\javacv-bin\artoolkitplus-android-arm64.jar;C:\Users\DRock\Downloads\javacv-platform-1.4.3-bin\javacv-bin\artoolkitplus-android-x86.jar;C:\Users\DRock\Downloads\javacv-platform-1.4.3-bin\javacv-bin\artoolkitplus-android-x86_64.jar;C:\Users\DRock\Downloads\javacv-platform-1.4.3-bin\javacv-bin\artoolkitplus-linux-armhf.jar;C:\Users\DRock\Downloads\javacv-platform-1.4.3-bin\javacv-bin\artoolkitplus-linux-ppc64le.jar;C:\Users\DRock\Downloads\javacv-platform-1.4.3-bin\javacv-bin\artoolkitplus-lin
Launcher Type: SUN_STANDARD

Environment Variables:
PATH=C:/Program Files/Java/jre1.8.0_151/bin/server;C:/Program Files/Java/jre1.8.0_151/bin;C:/Program Files/Java/jre1.8.0_151/lib/amd64;C:\ProgramData\Oracle\Java\javapath;C:\Windows\system32;C:\Windows;C:\Windows\System32\Wbem;C:\Windows\System32\WindowsPowerShell\v1.0\;C:\Program Files (x86)\Skype\Phone\;C:\Program Files\MATLAB\R2017b\bin;C:\Program Files\Git\cmd;C:\Program Files\nodejs\;C:\Users\DRock\AppData\Local\atom\bin;C:\Program Files\nodejs;C:\Users\DRock\AppData\Roaming\npm;C:\Users\DRock\AppData\Local\GitHubDesktop\bin;C:\Windows\system32;
USERNAME=DRock
OS=Windows_NT
PROCESSOR_IDENTIFIER=Intel64 Family 6 Model 58 Stepping 9, GenuineIntel



---------------  S Y S T E M  ---------------

OS: Windows 7 , 64 bit Build 7601 (6.1.7601.24335)

CPU:total 4 (initial active 4) (2 cores per cpu, 2 threads per core) family 6 model 58 stepping 9, cmov, cx8, fxsr, mmx, sse, sse2, sse3, ssse3, sse4.1, sse4.2, popcnt, avx, aes, clmul, erms, ht, tsc, tscinvbit, tscinv

Memory: 4k page, physical 8269896k(5088080k free), swap 16537888k(13024756k free)

vm_info: Java HotSpot(TM) 64-Bit Server VM (25.151-b12) for windows-amd64 JRE (1.8.0_151-b12), built on Sep  5 2017 19:33:46 by "java_re" with MS VC++ 10.0 (VS2010)

time: Tue Jan 22 22:48:06 2019
elapsed time: 6 seconds (0d 0h 0m 6s)

